DF01  42.934500   18.129600  0.483000
DF02  42.877833   18.413667  0.431000 
DF04  42.512500   18.345350  0.218000
DF05  42.721730   17.865690  0.080000
CERK  45.040177   16.321673  0.285000
QZAG  45.827084   15.986870  0.179000
QARH  45.777277   15.992839  0.100000
QKAS  45.913696   16.103375  0.264000
QUHS  45.808393   15.998827  0.115000
QGAJ  45.810710   15.878672  0.122000
QPTJ  45.907328   15.968193  0.994000
QRUG  45.751410   16.229518  0.100000
CRET  45.843205   16.019800  0.170000
KASN  45.913696   16.103375  0.264000
RUGV  45.751410   16.229518  0.100000
METK  43.052398   17.648203  0.006000
BRAC  43.348216   16.731786  0.000000
BSKA  44.971900   14.751442  0.000000
GRIZ  45.208225   14.714780  0.284000
BROD  45.222940   18.007020  0.130000
RUDO  43.617600   19.369000  0.482000
KLIN  43.169500   18.585400  1.050000
SARA  43.875400   18.423900  0.686000
NEVE  43.298900   18.102900  0.893000
VISA  43.053700   16.183600  0.315000
PALA  42.392700   16.254500  0.140000
VINV  43.590500   16.057800  0.261000
MLJE  42.775000   17.362700  0.077000
OREB  42.977500   17.153200  0.203000
KRJB  45.292600   13.816700  0.408000
PETR  45.314800   15.805000  0.543000
HOTN  45.509000   16.050700  0.224000
KLEK  44.481800   16.531300  0.934000
MRAK  45.012500   16.906900  0.862000
SRBC  45.102600   17.513900  0.139000
VIRC  44.292497   15.053954  0.032000  
KRMP  45.084000   14.910600  0.686000
VENJ  45.435600   17.848200  0.412000  
ZLZM  45.728867   15.472004  0.405000
RUJC  45.128786   16.266751  0.195000
STJD  45.837498   15.567111  0.497000
PLIT  44.878389   15.623055  0.616000
SMRN  45.036052	  14.154870  0.017000
SAVD  45.494952	  13.501932  0.014000
RABC  44.750429   14.782104  0.016000
HLST  42.640704   18.110601  0.001000
LOBO  46.155100   16.068600  0.372000
ALM   45.530280   18.954448  0.200000
ALM   45.530280   18.954448  0.200000
PSAR  45.952674	  16.211514  0.186000
LSTV  42.768552	  16.891928  0.130000
MOSL  45.613500	  16.754400  0.480000
MAKA  43.287712	  17.019674  0.045000
ZIRJ  43.654255   15.643891  0.107000
KALN  46.131166   16.455717  0.580000
DUGI  43.991800   15.057900  0.299000
OZLJ  45.615270   15.467266  0.155000
MORI  43.866017   15.707297  0.140000
BDV   42.283451   18.827889  0.385000
BUM   42.300800   18.898600  0.724000
BRJN  44.905732   13.750296  0.026000
BEO   44.821400   20.455300  0.129000
GRUS  43.888600   20.715100  0.273000
BOLS  43.830500   21.959200  0.200000
CUC   39.993100   15.815600  0.665000
BOGE  46.023700   14.857200  0.422000
BOVC  46.338200   13.554300  0.455000
DJES  44.633300   22.525000  0.104000
BGY   46.648100   15.131100  0.480000
BIS   46.647800   15.127100  0.480000
BISS  46.647800   15.127100  0.480000
BLU   44.749999   17.182999  0.256000
BLY   44.748800   17.183900  0.256000
BL1   44.771784   17.212656  0.256000
BL2   44.727361   17.320112  0.256000
BL3   44.893249   17.268057  0.256000
BNJ   45.822200   18.700000  0.100000
BOC   44.505000   17.173299  0.200000
BRU   43.387499   21.038055  0.200000
BRY   42.900720   18.543940  1.367000
BZC   43.301945   20.898056  0.200000
CACV  43.608877   16.784453  0.529000
CAD   44.494998   16.950000  0.200000
CAGS  45.977400   14.872500  0.388000
CEL   44.690000   17.368000  0.200000
CES   45.973400   15.463100  0.382000
CESS  45.973400   15.463100  0.382000
CEY   45.738998   14.427001  0.579000
CUK   44.568297   17.284999  0.200000
DLJ   45.485001   18.989999  0.200000
DAL   45.485001   18.989999  0.200000
DBK   42.651000   18.114000  0.150000
DBR   42.647325   18.078922  0.093000
DBRK  42.669083   18.146870  0.293000
DBY   45.999000   13.528000  0.100000
DOLA  46.093800   14.678100  0.265000
DUO   44.113100   14.931800  0.115000
VLC   44.159400   10.386400  0.555000
BZS   45.616700   21.616700  0.260000
DUOK  44.113100   14.931800  0.115000
DOB   46.149500   15.469100  0.425000
DOBS  46.149500   15.469100  0.425000
GLJ   43.740500   16.759600  0.500000
GORS  46.317300   13.999800  1.048000
GRJ   46.383300   14.083300  0.600000
GSY   45.341667   15.369170  0.350000
BEHE  46.470300   16.775600  0.310000
HCY   42.447490   18.498360  0.273000
HVA   43.177730   16.449000  0.250000
HVAR  43.177550   16.448938  0.217000
IVA   42.871749   19.898109  0.945000
BEY   42.871749   19.898109  0.945000
UDBI  44.531422   15.769351  0.832000
JA1   44.359999   17.276698  0.200000
JA2   44.338297   17.280000  0.200000
JA3   44.359999   17.321667  0.200000
JAV   46.057926   16.903092  0.200000
KAS   45.910000   16.127000  0.200000
VEP   45.336975   14.278702  0.494000
KBZ   45.942800   15.443800  0.215000
KIJ   44.004600   16.405400  0.550000
KIJV  44.004883   16.404696  0.471000
KUKA  45.228838   15.346052  0.200000
KLJ   44.531700   16.808299  0.200000
KOV   45.640000   14.870000  0.460000
NVL   44.563470   14.871050  0.010000
NVLJ  44.563470   14.871050  0.008000
STON  42.871600   17.699900  0.004000
KOGS  46.448100   16.250300  0.300000
KSY   44.688190   15.270395  0.554000
KS1   44.688830   15.278340  0.200000
KSH   44.688830   15.278340  0.200000
KJY   45.430333   17.883667  0.260000
KTY   45.963000   15.485000  0.320000
KUY   43.141388   21.278055  0.200000
LJB   43.987801   16.078799  0.200000
LGS   45.948800   15.317700  0.390000
LEGS  45.948500   15.317700  0.391000
LJU   46.043800   14.527300  0.396000
GCIS  45.863000   15.625000  0.400000
VISS  45.803000   14.838330  0.421000
CADS  46.226330   13.732830  0.700000
JAVS  45.893170   14.064330  1.120000
KNDS  45.527670   14.377500  1.010000
NEKS  45.939167   15.518500  0.156000
NOME  45.801500   15.176167  0.150000
BILJ  45.886167   13.622167  0.200000
RAKI  46.651000   16.187833  0.200000
VELE  46.365833   15.098667  0.382000
CRS   45.826000   15.457833  0.433000
CRES  45.826000   15.457833  0.433000
GLS   46.011330   15.624000  0.550000
GOLS  46.011330   15.624000  0.550000
LIS   46.068000   15.288833  0.945000
LISS  46.068000   15.288833  0.945000
BRN   46.263200   13.428200  0.555000
GBRS  45.531100   14.810100  0.610000
CZS   46.318500   13.543300  0.366000
DRZ   46.260500   13.612500  0.541000
ILBA  45.563800   14.244500  0.404000
FRES  41.973500   14.669300  0.414000
AOI   43.550000   13.602000  0.530000
VCEL  42.394600   13.840600  1.185000
KLI   46.328000   13.642700  0.420000
TERO  42.622800   13.603900  0.673000
TREB  42.717000   18.350000  0.300000
MIDA  41.641880   14.254020  0.950000
OFFI  42.935000   13.685700  0.320000
NOCI  40.788800   17.064400  0.420000
AMUR  40.907100   16.604100  0.443000
TRIV  41.766600   14.550200  0.598000
KOBR  46.247400   13.578600  0.234000
CAMP  42.535800   13.409000  1.283000
APPI  46.478700   11.228100  1.056000
INTR  42.011500   13.904600  0.924000
CIGN  41.654180   14.905020  0.350000
CING  43.375600   13.195400  0.626000
FIAM  42.268020   13.117180  1.070000
FAGN  42.266000   13.584000  0.761000
CERT  41.949000   12.981800  0.773000
CMPR  40.318100   15.303000  0.732000
GUAR  41.794500   13.312290  0.741000
LNSS  42.602860   13.040320  1.155000
VAGA  41.415400   14.234200  0.795000
VVLD  41.869650   13.623240  1.051000
VULT  40.954900   15.616300  1.101000
LEP   46.308000   13.677300  0.660000
PLZ   46.335800   13.519000  0.448000
MOCO  41.370000   14.158000  1.049000
TRN   46.361800   13.704500  0.600000
GROS  46.461000   15.501833  0.930000
GOTE  45.609500   14.746400  0.670000
PERS  46.636000   15.116667  0.795000
PDKS  46.079167   14.997667  0.705000
ROBS  46.244500   13.509500  0.265000
TOR   46.230500   13.770800  0.774000
VOG   46.263000   13.838800  1.520000
ZAD   46.383000   13.762000  0.777000
PZZT  44.131300   10.861700  1.236000
MCRV  40.782600   15.168400  1.191000
SGTA  41.135000   15.365000  0.890000
ZTL   46.196000   13.727300  0.280000
MABI  46.054900   10.514000  1.853000
CAR   46.379800   13.138300  0.270000
CAS   46.174600   13.188400  0.175000
GEP   46.277200   13.140500  0.255000
GCR   46.248100   12.888800  0.520000
GES   46.282600   13.141700  0.325000
GET   46.267000   13.115200  0.188000
MOG   46.405600   13.189300  0.387000
VAL   46.158200   13.393000  0.666000
SFR   46.309600   12.935200  0.375000
MAO   43.888000   16.402000  0.500000
M2T   43.340000   17.822000  0.200000
MST   43.349999   17.816667  0.200000
MUC   43.680700   16.498400  0.480000
MUS   44.221001   15.749999  0.300000
NKY   42.812851   18.998171  1.142000
OHR   41.111001   20.798999  0.739000
ORY   42.699200   18.192100  0.050000
PLE   43.329867   19.394260  1.181000
POL   44.866669   13.850000  0.200000
POT   42.938600   17.348200  0.285000
POZ   45.332400   17.678800  0.158000
PTJ   45.907328   15.968193  0.994000
PVY   42.595002   19.973498  1.250000
RAS   43.285831   20.622777  0.200000
RAZ   43.509799   15.977001  0.010000
DIVS  44.098100   19.991700  1.000000
RBK   44.411667   16.800000  0.700000
RIC   43.494400   17.133000  0.431000
RICI  43.494400   17.133000  0.431000
RKH   45.325100   14.482800  0.200000
RIY1  45.343611   14.385555  0.075000
RIY   45.325086   14.483006  0.183000  
LEI   51.335000   12.391700  0.113000
SAR   43.874001   18.429000  0.725000
SIS   45.471304   16.372309  0.100000
SISC  45.471346   16.371834  0.125000
SKO   41.972100   21.439600  0.346000
SNJ   43.733334   16.650000  0.200000
STA   42.600814   18.312441  0.462000
TLJ   43.604001   16.724000  0.200000
TOLM  46.181800   13.734700  0.190000
TRA   44.216668   17.683333  0.200000
TTG   42.429667   19.260829  0.040000
PDG   42.429670   19.260830  0.040000
UPM   43.202900   18.910000  1.721000 
TVT   42.431998   18.697999  0.200000
ULC   41.963370   19.249700  0.465000
VAY   41.321000   22.569999  0.168000
ADO   46.437700   14.966000  1.080000
VBY   45.504500   15.256700  0.259000
BOJS  45.504500   15.256700  0.259000
VIR   44.301998   15.054000  0.050000
VOY   46.031701   13.893501  1.073000
VOJS  46.031701   13.893501  1.073000
SLUN  45.120802	  15.544420  0.414000
SLNJ  45.134437   15.517110  0.488000
ZA1   45.814999   15.983000  0.178000
ZAG   45.827084   15.986870  0.179000
ZEN   44.216200   17.924998  0.200000
ZVY   45.863000   14.706000  0.496000
NVVS  43.448500   19.821600  1.050000
OBK   46.509200   14.548900  1.075000
OBKA  46.509200   14.548900  1.075000
PUL   59.766700   30.316700  0.065000
UZD   46.593800   18.585000  0.200000
BCI   42.364397   20.074199  0.500000
BCR   42.366600   20.067499  0.200000
BER   40.702700   19.949400  0.200000
FRZ   42.280998   20.037999  0.200000
KAM   42.261999   20.242799  0.200000
KBN   40.623700   20.780800  0.800000
MSAG  41.712000   15.909600  0.890000
SACR  41.397400   14.705700  0.859000
SACS  42.894000   11.910000  0.345000  
SGRT  41.754600   15.743700  0.960000
KCA   40.623700   20.780800  0.200000
KKS   42.075598   20.411300  0.300000
KMA   42.261999   20.242799  0.200000
LAC   41.636305   19.709388  0.040000
LSK   40.150001   20.600000  0.920000
PHP   41.684699   20.440798  0.900000
PSP   41.684699   20.440798  0.200000
PUK   42.042702   19.892799  0.900000
SDA   42.015898   19.498600  0.080000
SRN   39.880001   20.000401  0.020000
TIR   41.347200   19.863100  0.247000
TPE   40.295201   20.010900  0.240000
VLO   40.468600   19.495500  0.080000
MOZS  46.294100   14.443300  0.660000
SKDS  45.546400   14.014300  0.598000
VNDS  46.101600   14.701400  0.522000
UZD   46.592500   18.581800  0.207000
SQT   47.220500   11.208700  1.307000
SQTA  47.220500   11.208700  1.307000
ACI   39.350831   16.203054  0.300000
ACL   38.533055   14.355556  0.140000
ALP   42.780280   13.576111  0.200000
AL5   42.780280   13.462221  0.200000
AM1   43.550556   13.602223  0.200000
AM9   42.585140   12.428621  0.200000
AN9   38.150000   15.467000  0.200000
ANS   43.552222   13.462223  0.295000
AP1   42.780280   13.576111  0.200000
AQU   42.353880   13.401930  0.729000
ARV   43.498476   12.942156  0.495000
ARVD  43.498100   12.941500  0.461000
AR1   43.498474   12.942156  0.535000
ASS   43.070555   12.661223  0.792000
AS1   43.070555   12.661223  0.792000
AZI   42.031000   13.425000  0.730000
ATN   38.150000   15.467000  1.124000
BAD   46.234200   13.243300  0.640000
BAI   41.119998   16.866669  0.200000
BAL   45.780560   10.862500  0.300000
BDI   44.062500   10.593167  0.900000
BD1   44.062274   10.597069  0.150000
BEI   46.233332   13.243333  0.200000
BG1   45.777225    9.711389  0.200000
BN9   45.052704    6.675183  0.200000
BNI   45.052703    6.675183  1.395000
BOB   44.767117    9.448366  0.930000
BOL   44.486667   11.329000  0.080000
BON   46.318331   13.093334  0.200000
BOO   46.319700   13.098600  0.444000
BOR   46.320000   13.100001  0.200000
BRT   40.877777   17.203611  0.333000
BSL   43.980166   11.434195  0.200000
BSS   40.774167   14.823889  0.600000
BS1   40.790557   14.806112  0.200000
BUA   46.216700   13.123600  0.320000
BUI   46.218329   13.123333  0.320000
BVT   44.486388    9.775000  0.200000
CAE   46.008600   12.438100  0.870000
CAP   40.866700   14.250000  0.129000
CAT   37.514168   15.097223  0.020000
CAV   46.293058   11.461941  1.050000
CA4   44.905498   10.807333  0.200000
CAM   46.512200   12.651900  1.640000
CGL   39.362221    9.297083  1.050000
CH1   43.628054   11.951718  0.200000
CII   41.723000   14.305000  0.910000
CKI   44.424858    8.279862  0.351000
CK1   44.424858    8.279862  0.351000
CLR   42.66670    13.716700  0.200000
CM1   43.192499   13.141945  0.200000
CM2   43.194794   13.143889  0.200000
COD   46.131667   13.376668  0.200000
COI   39.218303   16.133637  0.200000
COL   46.132200   13.376700  0.250000
CO9   44.767579    9.445597  0.200000
CP9   41.850000   12.920000  0.917000
CRE   43.628054   11.951718  1.115000
CRN   43.630832   12.997779  0.271000
CRVI  41.723900   14.305600  0.910000
CSI   39.776527   16.289444  0.507000
CSM   40.749999   13.900001  0.123000
CSMI  46.512000   12.652000  1.635000
CS1   39.776527   16.289444  0.507000
CSO   46.273300   12.323900  1.070000
CSZ   46.473056   12.617222  1.825000
CTI   46.048180   11.649700  1.180000
CVI   38.592329   15.903779  0.200000
CV9   37.678000   12.792000  0.200000
MA9   41.770000   12.659000  0.340000
SNAL  40.925400   15.209100  0.874000
CVT   37.678000   12.792000  0.190000
CZI   39.218303   16.133637  0.200000
DA9   44.503650    7.242583  0.200000
DDS   45.880001   11.183301  1.670000
DOI   44.501541    7.159250  1.015000
DPS   40.610027   14.365056  0.456000
DRE   46.173300   13.644400  1.750000
DR2   38.648581   15.932027  0.200000
DUI   41.659297   14.457788  0.918000
DU1   41.658332   14.461112  0.918000
ERC   38.036000   12.589000  0.730000
ERT   46.276667   12.376668  0.200000
FAI   37.271288   13.669945  0.150000
FA1   37.299999   13.660000  0.330000
FIN   44.209167    8.208333  0.590000
FIR   43.773886   11.255000  0.046000
FGG   41.449999   15.551389  0.200000
FG2   41.803610   15.171387  0.200000
FG3   41.700068   15.950278  0.830000
FGMS  41.700068   15.950278  0.830000
FG4   41.134721   15.520556  0.450000
FG5   41.282221   15.269167  0.680000
FOA   46.586665   12.775000  0.880000
FOG   41.449999   15.551389  0.200000
FO1   46.593248   12.780918  0.200000
FVI   46.593250   12.780917  1.030000
GA1   40.791943    9.027334  0.200000
GEN   44.418114    8.930055  0.053000
GIB   37.989455   14.026886  1.000000
GSCL  44.350600   10.587800  0.665000
GIO   37.566666   15.108330  0.200000
GMB   38.168400   15.829400  1.310000
GMN   46.275000   13.236900  0.270000
GR9   38.817139   16.430149  0.480000
GRI   38.817139   16.430149  0.480000
GZI   38.264721   15.608611  0.200000
INTR  42.011500   13.904600  0.924000
IS9   40.729728   13.958333  0.200000
KUK   46.354800   13.592300  0.475000
LCI   40.333887   18.112222  0.049000
LE1   40.333887   18.112222  0.049000
LLI   38.445168   14.948305  0.225000
LPG   45.497694    6.751444  2.570000
LPL   45.516444    6.732388  2.070000
LSR   46.475000   13.527200  1.750000
LV9   37.985583   12.337417  0.200000
LVI   37.985583   12.337417  0.030000
MA1   42.416667   11.152242  0.020000
MCI   41.483300   13.816700  0.527000
MC9   37.610000   13.640000  0.200000
MCT   37.610000   13.640000  1.555000
MDI   45.777225    9.711389  0.802000
MES   38.115599   15.331801  0.045000
ME2   38.198888   15.555001  0.045000
MEU   37.111111   14.930000  0.986000
MF9   43.875000   11.866667  0.200000
MG9   40.133416   15.553111  0.200000
MGR   40.133416   15.553111  0.260000
MIL   45.466667    9.183334  0.124000
MI5   44.593665   11.500333  0.200000
MLE   38.599997   16.049998  0.360000
ML1   38.128054   15.516111  0.200000
ML9   37.111111   14.930000  0.200000
MLN   46.150000   12.615600  0.814000
MLNI  46.150000   12.615600  0.814000
MMN   39.890122   15.990480  0.200000
MM9   44.193611   10.700000  0.200000
MME   44.193611   10.700000  2.000000
MNC   44.999998    7.700000  0.200000
MNH   48.150000   11.600000  0.528000
MNO   37.933085   14.694722  1.830000
MNS   42.384997   12.681111  0.600000
MOP   46.241667   12.986667  0.200000
MPR   46.240600   12.987200  0.762000
MSC   41.191443   13.971388  0.109000
MSI   38.203389   15.555583  0.200000
MS1   41.705000   15.942333  0.200000
MT1   38.018053   15.833333  0.200000
POTS  52.380300   13.067800  0.800000
MVT   37.689167   14.986112  1.660000
NOV   38.027775   15.136668  0.775000
NPL   40.846669   14.257833  0.007000
OII   38.153332   15.689167  0.200000
OR1   40.050360   16.449105  0.450000
ORI   40.050360   16.449105  0.375000
ORO   45.625001    7.980300  1.162000
OR3   38.153332   15.689118  0.200000
OTI   38.153332   15.689167  0.200000
OVO   40.826663   14.397779  0.606000
PAD   45.408612   11.886111  0.012000
PAG   46.138060   11.041110  0.200000
PAN   46.048888   11.300830  0.200000
PA1   37.055572   14.946684  0.200000
PTO   46.405300   13.353300  0.770000
PAV   45.183300    9.173600  0.077000
PCN   45.049998    9.666668  0.200000
PDC   46.410000   12.370000  0.200000
PE1   40.811944   17.412139  0.200000
PGD   43.875280   11.721380  1.500000
PGF   42.548333    8.999444  1.130000
PII   43.583333   10.683333  0.050000
PLR   46.549722   13.148055  1.420000
PMP   40.749999   14.500001  0.200000
PNI   44.919165    7.313889  0.585000
POB   46.513330   13.276667  0.200000
PO9   42.580631   12.883815  0.200000
P09   42.574328   12.941834  0.200000
PRD   46.309560   12.935220  0.375000
PRG   43.101388   12.396945  0.495000
PRO   43.916666   12.916667  0.200000
PRT   43.880000   11.094167  0.061000
PS9   43.722000   10.525000  0.200000
PTC   41.929697   15.042500  0.040000
PT9   36.807194   11.992889  0.200000
PTS   36.807194   11.992889  0.100000
PZI   37.055572   14.946684  0.690000
PZ1   40.820997   14.120833  0.200000
QR9   40.878054   14.145520  0.035000
QRI   40.878055   14.145519  0.035000
RBL   46.435000   13.565000  0.975000
RCI   38.105556   15.643334  0.029000
RCL   46.160000   12.653334  0.548000
RDP   41.755000   12.716667  0.760000
REC   46.160000   12.651666  0.200000
RFI   41.300449   13.984777  0.780000
RG1   43.378412   11.890194  0.200000
RMP   41.811111   12.702333  0.380000
RNI   45.981666   10.644720  1.450000
ROB   44.294720    7.870556  0.806000
ROE   46.212200   13.413000  0.625000
ROI   39.571776   16.569221  0.605000
RO1   39.571776   16.569221  0.605000
ROM   41.903300   12.513300  0.045000
MRLC  40.756400   15.488900  0.605000
VMG   43.961700   11.543900  0.450000
COLI  46.133300   13.378300  0.250000
ZCCA  44.351900   10.977800  0.700000
MRB1  41.126400   14.972800  0.625000
VDL   46.486500    9.469800  1.900000
IMI   43.910200    7.889300  0.860000
UBR   47.680800   10.108100  0.895000
LKD   38.707200   20.650600  1.140000 
CPI2  41.585300   14.318600  0.750000
NRCA  42.833600   13.114300  0.927000
VTB1  41.182500   14.630000  0.865000
PTQR  42.021900   13.400600  0.957000
SNTG  43.255000   12.940600  0.625000
CSSN  40.860800   15.023900  0.690000
RGNG  41.674200   15.586400  0.587000
RNI2  41.702500   14.152500  0.970000
CPI2  41.585300   14.318600  0.750000
FSSB  43.692200   12.777500  0.498000
SLCN  40.390000   15.632800  0.986000
CSNT  43.472200   11.291100  0.573000
SEI   44.054400   11.356400  0.610000
PLRO  46.549700   13.148100  1.420000
BRMO  46.476100   10.373100  1.380000
PTCC  46.405300   13.353300  0.770000
GMNA  46.275000   13.236900  0.270000
MPRI  46.241700   12.988300  0.762000
PESA  43.941100   12.840200  0.221000
RSM   43.927704   12.452333  0.600000
SA1   38.562567   14.832936  0.300000
SAL   45.607498   10.526223  0.070000
SD1   41.705834   13.815417  0.200000
SD2   40.860000    9.150000  0.200000
SDI   41.705834   13.815417  0.720000
SE2   39.012444   16.723944  0.200000
SIE   43.320000   11.312222  0.349000
SFI   43.945000   11.908000  0.525000
SGG   41.386696   14.378750  0.880000
SGO   40.558333   15.308444  0.610000
SO9   38.070000   16.060000  0.200000
SOI   38.070000   16.060000  0.300000
SOR   40.582001   14.335334  0.200000
SS9   43.945000   11.908000  0.200000
STV   44.244167    7.324444  0.985000
TAI   40.409600   17.283301  0.200000
TAL   45.921667   13.101944  0.200000
TAR   40.475000   17.258300  0.015000
TDS   39.650000   16.350000  0.270000
TLI   45.920800   13.103300  0.000001
TLM   46.401400   13.014400  0.322000
TRE   39.283300   16.316700  0.534000
TRI   45.708830   13.764170  0.161000
TRV   45.666700   12.183300  0.014000
TR9   41.046333   15.230000  0.200000
TST   45.642781   13.783891  0.200000
TS9   39.650000   16.350000  0.200000
TTI   40.409442   17.283332  0.020000
UDI   46.037200   13.252800  0.900000
USI   38.667207   13.247850  0.100000
US1   38.707205   13.177850  0.054000
VAI   45.866666    8.770833  1.200000
VAJ   46.261110   12.328889  0.725000
VEN   45.433330   12.333333  0.001000
VG1   44.929167    9.095833  0.200000
VIN   46.256400   13.281400  0.608000
VINO  46.256400   13.281400  0.608000	   
VPL   38.378888   14.983612  0.410000
VVI   45.982887   12.423611  0.200000
ZOU   46.557500   12.973900  1.896000
APL   46.949600    8.242800  0.880000
DIM   42.046111   25.583332  0.133000
KDZ   41.641113   25.350001  0.329000
PVL   43.146666   25.171667  0.187000
SOF   42.685279   23.334167  0.546000
VTS   42.599999   23.200000  0.200000
CHU   46.849900    9.536700  0.630000
BAS   47.540000    7.582900  0.309000
AGG   39.022222   22.330277  0.540000
APE   37.068888   25.530555  0.620000
ARG   36.216109   28.126111  0.170000
ATH   37.972223   23.716667  0.095000
GRG   40.956670   22.401387  0.560000
ITM   37.179720   21.926668  0.400000
JAN   39.656668   20.850831  0.540000
KNT   41.161945   22.898055  0.380000
KZN   40.306666   21.770831  0.900000
LIT   40.100830   22.489999  0.480000
NPS   35.262501   25.612500  0.200000
OUR   40.334442   23.981943  0.060000
PAI   39.927222   23.679722  0.140000
PAT   38.236388   21.746668  0.040000
PLG   40.373885   23.445557  0.580000
PRK   39.246112   26.271668  0.100000
PTL   38.048890   23.864720  0.500000
RHO   32.437220   28.223612  0.045000
RLS   38.057777   21.466666  0.100000
SMS   37.799999   26.700001  0.200000
SOH   40.821665   23.353888  0.670000
SRS   41.117227   23.592221  0.400000
THE   40.632224   22.965000  0.070000
VAM   35.406944   24.199722  0.225000
VLS   38.177222   20.589721  0.375000
ZAN   37.650001   18.666668  0.004000
ARR   45.367500   24.633611  0.871000
BAC   46.566668   26.899999  0.167000
BIR   46.266388   27.626389  0.225000
BIZ   45.939168   26.104167  0.410000
BMR   47.672775   23.496943  0.227000
BUC   44.413611   26.096668  0.062000
BU1   44.346669   26.030001  0.075000
CDB   44.676944   26.270556  0.085000
CEI   47.685000   22.458612  0.125000
CFR   45.185279   28.153055  0.021000
CJR   46.713334   23.598057  0.750000
CLU   46.750000   23.649999  0.750000
CMP   45.268332   25.038331  0.598000
DEV   45.883330   22.903332  0.250000
DRA   44.678610   24.256111  0.180000
DRR   46.786946   22.721944  0.955000
FOC   45.695000   27.183333  0.061000
FNA   40.783833   21.376166  0.750000
FTB   46.689167   23.054443  1.100000
GZR   45.393332   22.776669  0.850000
IAS   47.193333   27.561667  0.160000
IGT   39.532500   20.332500  0.320000
ISR   45.137774   26.544722  0.750000
KEK   39.713000   19.798666  0.280000
LOT   45.448055   23.769444  1.240000
MDB   46.141666   24.380555  0.375000
MLR   45.491668   25.943610  1.360000
ODB   45.774719   27.056112  0.140000
SBE   45.576941   23.603332  0.200000
SSA   44.863331   21.743331  0.400000
SSR   44.863331   21.743331  0.400000
TIM   45.736667   21.221667  0.088000
TLB   44.588887   28.033334  0.015000
VRI   45.870000   26.725000  0.400000
GHA   47.462502   16.388055  0.500000
GRA   47.076666   15.448334  0.369000
IBK   47.260555   11.384723  0.580000
INN   47.266665   11.400000  0.575000
DAV   47.286700    9.880300  1.602000
KBA   47.078400   13.344700  1.720000
WAT   47.335700   11.576300  1.492000
WATA  47.335700   11.576300  1.492000
MOT   47.344800   11.103700  1.575000
MOTA  47.344800   11.103700  1.575000
WTT   47.263800   11.636300  1.764000
WTTA  47.263800   11.636300  1.764000
JEN   49.398600    8.726400  0.560000
KFA   46.648329   14.327779  0.450000
KMR   48.056387   14.131943  0.379000
LTA   47.403332   15.076111  0.840000
MOA   47.849446   14.265833  0.572000
MZA   47.770279   15.328332  0.990000
OGA   46.867775   11.025278  1.934000
PIA   47.717499   16.193056  0.380000
SCE   47.038611   11.710278  1.737000
ARS   47.250500   15.523200  0.577000
ARSA  47.250500   15.523200  0.577000
DAVA  47.286700    9.880300  1.602000
DVA   47.288889    9.878056  1.602000
VIE   48.248332   16.361667  0.198000
VKA   48.264998   16.318333  0.400000
BRA   48.168331   17.104999  0.270000
CHE   50.079447   12.376111  0.430000
HRB   47.873610   18.192777  0.115000
KHC   49.130900   13.578200  0.700000
PRA   50.070279   14.433057  0.225000
PRU   49.988329   14.541667  0.302000
SPC   49.188888   20.245000  1.772000
SRO   47.813332   18.313331  0.150000
OKC   49.837500   18.147200  0.272000
ZST   48.196113   17.102500  0.250000
BUD   47.483611   19.023887  0.196000
RH1   46.094800   18.072000  0.297000
RHK1  46.094800   18.072000  0.297000
RH2   46.127000   18.779900  0.147000
RHK2  46.127000   18.779900  0.147000
RH3   45.888500   18.252100  0.420000
RHK3  45.888500   18.252100  0.420000
PKS   46.211900   18.641300  0.170000
PK9   46.587000   18.278900  0.240000
PKS9  46.587000   18.278900  0.240000
PKSG  47.391800   18.390700  0.200000
PK2   46.492000   19.213100  0.106000
PKS2  46.492000   19.213100  0.106000
PK6   46.599800   19.564500  0.120000
PKS6  46.599800   19.564500  0.120000
PK7   47.047300   19.160900  0.095000
PKS7  47.047300   19.160900  0.095000
PK8   46.878700   18.676500  0.135000
PKS8  46.878700   18.676500  0.135000
PKSM  46.211900   18.641300  0.170000
DEB   47.561112   21.638888  0.200000
JOS   48.495554   20.539167  0.280000
KAL   46.528610   18.976388  0.093000
KEC   46.912223   19.698332  0.122000
PSZ   47.919446   19.894443  0.940000
SOP   47.683331   16.558332  0.260000
SZE   46.248331   20.141388  0.082000
ANN   44.883333   37.300000  0.000000
OBN   55.100000   36.600000  0.130000
SOC   43.583333   39.716666  0.192000
BEL   51.833331   20.816667  0.180000
BRE   51.066666   17.000000  0.125000
BYT   50.362223   18.914443  0.283000
CHZ   50.292497   18.991668  0.316000
DGP   50.329166   19.214168  0.275000
KRA   50.057774   19.939722  0.223000
KSP   50.843328   16.293333  0.380000
NIE   49.423611   20.321942  0.555000
RAC   50.083333   18.194168  0.209000
RBN   50.098055   18.533611  0.250000
WAR   52.241671   21.023611  0.110000
ZAB   50.301384   18.794442  0.250000
DMK   41.821667   27.757221  0.315000
DRB   39.581111   28.637501  0.620000
ISK   41.065555   29.059168  0.132000
IST   41.045555   28.995832  0.050000
ARH   45.009720    1.311667  0.320000
ATE   43.086111    0.702778  0.500000
AVF   46.790558    3.352639  0.225000
BAF   47.834721    6.995278  1.025000
BDB   43.064999    0.148333  0.561000
BES   47.249722    5.987500  0.311000
BGF   46.557778    2.846389  0.390000
BOH   43.102696    1.011694  1.150000
BSF   47.831943    6.792222  1.200000
CAF   44.925829    2.064444  0.630000
CDF   48.412224    7.276111  1.068000
CDR   43.674999    5.766944  0.368000
CFF   45.762774    3.102500  0.400000
CLF   48.016667    2.266667  0.200000
CMF   43.357330    6.389500  0.152000
CNF   47.582831    6.317667  0.200000
CVF   42.567500    8.869444  0.530000
ECH   48.215830    7.158333  0.580000
EPF   43.030831    0.340000  0.750000
FLN   48.762500    0.481944  0.240000
FRF   43.560694    6.646777  1.200000
GBF   47.902694    7.099000  0.200000
GGF   44.366669    4.766667  0.110000
GRC   47.295612    3.073611  0.191000
GRN   45.183330    5.700000  1.040000
GRR   48.388332    0.858333  0.220000
HAU   48.005554    6.348056  0.577000
HYF   47.268471    2.639444  0.428000
ISO   44.183331    7.050000  0.870000
ISS   43.027809    0.795306  0.200000
JAU   43.037998    0.369306  1.545000
LBF   46.984443    3.977222  0.715000
LFF   44.936668    0.736111  0.193000
LHE   42.912998    0.621111  1.070000
LIL   50.615835    3.070833  0.013000
LMF   47.999998    0.200000  0.077000
LMR   43.333888    6.509167  0.200000
LNS   45.288887    6.914722  1.480000
LOR   47.268334    3.858889  0.520000
LPF   48.031529    1.040833  0.156000
LPO   44.683057    1.186944  0.330000
LRG   43.454718    6.360278  0.110000
LSF   46.250000    1.529444  0.430000
MAD   43.137696    0.819500  0.200000
MAR   43.305274    5.393889  0.075000
MFF   46.602222    0.145833  0.270000
MLS   42.958000    1.083000  0.450000
MLV   47.265499    3.038667  0.200000
MNY   44.960555    5.691111  0.422000
MOF   47.851586    7.133000  1.085000
MZF   46.215558    2.583889  0.480000
OGE   43.168500    0.473306  0.400000
PAR   48.809444    2.493611  0.047000
PDD   45.766666    2.966667  1.450000
POU   46.614611    4.365194  0.327000
PYM   45.750558    3.008056  0.970000
RJF   45.304444    1.516389  0.410000
ROG   43.683996    5.312694  0.310000
ROU   43.401360    5.845694  0.500000
RSL   45.688331    6.625556  1.583000
SDM   46.645277    3.841111  0.905000
SER   45.977500    2.430000  0.710000
SGR   47.709387    0.923000  0.090000
SMF   46.645277    3.841111  0.459000
SMM   48.215809    7.158306  0.580000
SOU   44.661387    5.690278  0.960000
SPF   43.563887    6.697222  0.337000
SSC   48.584166    0.107500  0.300000
SSF   47.061526    3.505972  0.355000
SSF   47.116670    3.501389  0.200000
STR   48.584720    7.765830  0.135000
SSB   45.279189    4.541889  0.700000
TCF   46.288055    2.210000  0.593000
VDM   49.074387    2.231889  0.070000
VOU   46.398887    5.650833  0.495000
WLS   48.412775    7.353611  0.775000
AAC   50.783330    6.083333  0.179000
BGG   50.205969    7.337167  0.120000
BHG   47.721388   12.878890  0.475000
BNS   50.963884    7.175556  0.200000
BOC   51.489442    7.213889  0.064000
BRL   52.464169   13.301113  0.000000
BUG   51.445525    7.264333  0.135000
BUH   48.675471    8.228418  0.750000
CLG   50.928330    6.935000  0.200000
CLZ   51.842862   10.374112  0.680000
DPC   50.358300   16.411100  0.760000
FEL   47.874999    8.016668  1.485000
FUR   48.165556   11.276390  0.565000
FWS   48.053002    8.197584  0.925000
GAP   47.476670   11.064444  0.720000
GRF   49.691945   11.221668  0.500000
GRF   49.692222   11.215279  0.425000
GTT   51.546388    9.964171  0.272000
HAM   53.465110    9.924671  0.030000
HEI   49.398609    8.726390  0.560000
HLG   54.108464    7.883861  0.041000
HOF   50.313615   11.877501  0.566000
HOH   48.716667    9.216668  0.396000
HOK   50.980281    7.312222  0.230000
HUN   48.079165    9.408333  0.565000
JUE   50.912749    6.409778  0.097000
JUG   49.766665    8.600001  0.200000
KLL   50.646108    6.311111  0.400000
KOE   50.425279    7.731611  0.200000
KRL   49.010834    8.412222  0.114000
KRW   49.021390    8.368083  0.110000
MEC   50.599998    6.666667  0.200000
MNH   48.150002   11.600001  0.528000
MSG   48.399165    9.033333  0.475000
MSS   48.179167    8.966112  0.915000
MWG   51.962697    7.624139  0.058000
NEI   49.108332    9.041668  0.268000
NRD   48.849999   10.483334  0.432000
PIR   49.199971    7.607417  0.400000
RAV   47.783333    9.613889  0.460000
STB   50.595301    6.840000  0.270000
STU   48.771941    9.195000  0.360000
TNS   50.223612    8.448889  0.815000
TUB   48.526501    9.061112  0.330000
WET   49.145278   12.880000  0.613000
BRG   50.873887   13.945834  0.296000
DIX   46.080279    7.410833  2.400000
CLL   51.310002   13.003334  0.230000
GEC   48.841222   13.701555  1.137100
BUB   47.748887    8.603056  0.740000
UZH   48.633331   22.299998  0.159000
ZLA   47.482100    8.389200  0.780000
ZUL   47.481387    8.390278  0.740000
ZUR   47.368666    8.580417  0.604000
JEN   50.951939   11.583334  0.193000
MOX   50.646001   11.616500  0.454000
LVV   49.816668   24.033333  0.308000
UCC   50.798332    4.359444  0.105000
DBN   52.101671    5.176667  0.003000
EBR   40.820556    0.493611  0.050000
NEC   47.006332    6.948667  0.600000
NEU   46.997332    6.957333  0.487000
SBF   43.863139    7.435222  0.847000
BBS   47.464444    7.509166  0.700000
MOF   47.851583    7.133000  1.085000
EMS   46.070000    6.931000  1.800000
LLS   46.868888    8.996944  1.900000
MMK   46.051666    7.965000  2.200000
OSS   46.686833   10.143666  1.700000
SLE   47.766166    8.493333  0.600000
TMA   46.106000    8.873000  1.700000
ENN   50.767222    5.923333  0.120000
CHT   18.813833   98.943833  0.316000
BAM   61.036166 -142.344500  1.300000
GER   48.845100   13.701600  1.132000
BBLS  43.868000   19.410000  0.868000
BARS  42.820000   21.825000  0.493000
MATE  40.649070   16.704420  0.494000
KECS  48.483200   20.485600  0.345000